<?xml version="1.0" encoding="UTF-8"?>
<!-- Generated by org.testng.reporters.JUnitReportReporter -->
<testsuite hostname="Rohini" failures="0" tests="2" name="testCases.TC002_LoginTest" time="4.174" errors="0" timestamp="2025-09-15T20:30:25 IST" skipped="0">
  <testcase classname="testCases.TC002_LoginTest" name="verify_LoginTest" time="2.292"/>
  <testcase classname="testCases.TC002_LoginTest" name="verify_LoginTest" time="1.882"/>
</testsuite> <!-- testCases.TC002_LoginTest -->
