<?xml version="1.0" encoding="UTF-8"?>
<!-- Generated by org.testng.reporters.JUnitReportReporter -->
<testsuite hostname="Rohini" failures="0" tests="2" name="testCases.TC001_AccountRegistration" time="9.189" errors="0" timestamp="2025-09-15T20:30:25 IST" skipped="0">
  <testcase classname="testCases.TC001_AccountRegistration" name="AccountRegistration" time="3.045"/>
  <testcase classname="testCases.TC001_AccountRegistration" name="AccountRegistration" time="6.144"/>
</testsuite> <!-- testCases.TC001_AccountRegistration -->
