<?xml version="1.0" encoding="UTF-8"?>
<!-- Generated by org.testng.reporters.JUnitReportReporter -->
<testsuite hostname="Rohini" failures="0" tests="1" name="testCases.TC002_LoginTest" time="3.009" errors="0" timestamp="2025-09-15T22:25:22 IST" skipped="0">
  <testcase classname="testCases.TC002_LoginTest" name="verify_LoginTest" time="3.009"/>
</testsuite> <!-- testCases.TC002_LoginTest -->
