<?xml version="1.0" encoding="UTF-8"?>
<!-- Generated by org.testng.reporters.JUnitReportReporter -->
<testsuite hostname="Rohini" failures="0" tests="1" name="testCases.TC001_AccountRegistration" time="3.872" errors="0" timestamp="2025-09-15T22:25:22 IST" skipped="0">
  <testcase classname="testCases.TC001_AccountRegistration" name="AccountRegistration" time="3.872"/>
</testsuite> <!-- testCases.TC001_AccountRegistration -->
